# 12/22/09 9:19:58 AM CST
# Eclipse Java Compiler 0.972_R35x, 3.5.1 release, Copyright IBM Corp 2000, 2009. All rights reserved.
----------
1. ERROR in /home/npennell/workspace/galileo/com.e2open.smi.rule.resolver.dnsshortname/test/com/e2open/smi/rule/resolver/dnsshortname/E2openDNSShortNameTest.java (at line 3)
	import static org.junit.Assert.assertTrue;
	              ^^^^^^^^^
The import org.junit cannot be resolved
----------
2. ERROR in /home/npennell/workspace/galileo/com.e2open.smi.rule.resolver.dnsshortname/test/com/e2open/smi/rule/resolver/dnsshortname/E2openDNSShortNameTest.java (at line 5)
	import org.junit.Before;
	       ^^^^^^^^^
The import org.junit cannot be resolved
----------
3. ERROR in /home/npennell/workspace/galileo/com.e2open.smi.rule.resolver.dnsshortname/test/com/e2open/smi/rule/resolver/dnsshortname/E2openDNSShortNameTest.java (at line 6)
	import org.junit.Test;
	       ^^^^^^^^^
The import org.junit cannot be resolved
----------
4. ERROR in /home/npennell/workspace/galileo/com.e2open.smi.rule.resolver.dnsshortname/test/com/e2open/smi/rule/resolver/dnsshortname/E2openDNSShortNameTest.java (at line 12)
	@Before
	 ^^^^^^
Before cannot be resolved to a type
----------
5. ERROR in /home/npennell/workspace/galileo/com.e2open.smi.rule.resolver.dnsshortname/test/com/e2open/smi/rule/resolver/dnsshortname/E2openDNSShortNameTest.java (at line 16)
	@Test
	 ^^^^
Test cannot be resolved to a type
----------
6. ERROR in /home/npennell/workspace/galileo/com.e2open.smi.rule.resolver.dnsshortname/test/com/e2open/smi/rule/resolver/dnsshortname/E2openDNSShortNameTest.java (at line 25)
	assertTrue(shortName.equals(hostname));
	^^^^^^^^^^
The method assertTrue(boolean) is undefined for the type E2openDNSShortNameTest
----------
7. ERROR in /home/npennell/workspace/galileo/com.e2open.smi.rule.resolver.dnsshortname/test/com/e2open/smi/rule/resolver/dnsshortname/E2openDNSShortNameTest.java (at line 28)
	@Test
	 ^^^^
Test cannot be resolved to a type
----------
8. ERROR in /home/npennell/workspace/galileo/com.e2open.smi.rule.resolver.dnsshortname/test/com/e2open/smi/rule/resolver/dnsshortname/E2openDNSShortNameTest.java (at line 37)
	assertTrue(shortName.equals(hostname));
	^^^^^^^^^^
The method assertTrue(boolean) is undefined for the type E2openDNSShortNameTest
----------
9. ERROR in /home/npennell/workspace/galileo/com.e2open.smi.rule.resolver.dnsshortname/test/com/e2open/smi/rule/resolver/dnsshortname/E2openDNSShortNameTest.java (at line 40)
	@Test
	 ^^^^
Test cannot be resolved to a type
----------
10. ERROR in /home/npennell/workspace/galileo/com.e2open.smi.rule.resolver.dnsshortname/test/com/e2open/smi/rule/resolver/dnsshortname/E2openDNSShortNameTest.java (at line 49)
	assertTrue(shortName.equals("a"));
	^^^^^^^^^^
The method assertTrue(boolean) is undefined for the type E2openDNSShortNameTest
----------
11. ERROR in /home/npennell/workspace/galileo/com.e2open.smi.rule.resolver.dnsshortname/test/com/e2open/smi/rule/resolver/dnsshortname/E2openDNSShortNameTest.java (at line 52)
	@Test
	 ^^^^
Test cannot be resolved to a type
----------
12. ERROR in /home/npennell/workspace/galileo/com.e2open.smi.rule.resolver.dnsshortname/test/com/e2open/smi/rule/resolver/dnsshortname/E2openDNSShortNameTest.java (at line 61)
	assertTrue(shortName.equals("a"));
	^^^^^^^^^^
The method assertTrue(boolean) is undefined for the type E2openDNSShortNameTest
----------
13. ERROR in /home/npennell/workspace/galileo/com.e2open.smi.rule.resolver.dnsshortname/test/com/e2open/smi/rule/resolver/dnsshortname/E2openDNSShortNameTest.java (at line 63)
	@Test
	 ^^^^
Test cannot be resolved to a type
----------
14. ERROR in /home/npennell/workspace/galileo/com.e2open.smi.rule.resolver.dnsshortname/test/com/e2open/smi/rule/resolver/dnsshortname/E2openDNSShortNameTest.java (at line 72)
	assertTrue(shortName.equals("a"));
	^^^^^^^^^^
The method assertTrue(boolean) is undefined for the type E2openDNSShortNameTest
----------
15. ERROR in /home/npennell/workspace/galileo/com.e2open.smi.rule.resolver.dnsshortname/test/com/e2open/smi/rule/resolver/dnsshortname/E2openDNSShortNameTest.java (at line 75)
	@Test
	 ^^^^
Test cannot be resolved to a type
----------
16. ERROR in /home/npennell/workspace/galileo/com.e2open.smi.rule.resolver.dnsshortname/test/com/e2open/smi/rule/resolver/dnsshortname/E2openDNSShortNameTest.java (at line 84)
	assertTrue(shortName.equals("a"));
	^^^^^^^^^^
The method assertTrue(boolean) is undefined for the type E2openDNSShortNameTest
----------
17. ERROR in /home/npennell/workspace/galileo/com.e2open.smi.rule.resolver.dnsshortname/test/com/e2open/smi/rule/resolver/dnsshortname/E2openDNSShortNameTest.java (at line 87)
	@Test
	 ^^^^
Test cannot be resolved to a type
----------
18. ERROR in /home/npennell/workspace/galileo/com.e2open.smi.rule.resolver.dnsshortname/test/com/e2open/smi/rule/resolver/dnsshortname/E2openDNSShortNameTest.java (at line 96)
	assertTrue(shortName.equals("a"));
	^^^^^^^^^^
The method assertTrue(boolean) is undefined for the type E2openDNSShortNameTest
----------
19. ERROR in /home/npennell/workspace/galileo/com.e2open.smi.rule.resolver.dnsshortname/test/com/e2open/smi/rule/resolver/dnsshortname/E2openDNSShortNameTest.java (at line 99)
	@Test
	 ^^^^
Test cannot be resolved to a type
----------
20. ERROR in /home/npennell/workspace/galileo/com.e2open.smi.rule.resolver.dnsshortname/test/com/e2open/smi/rule/resolver/dnsshortname/E2openDNSShortNameTest.java (at line 108)
	assertTrue(shortName.equals("abc-app"));
	^^^^^^^^^^
The method assertTrue(boolean) is undefined for the type E2openDNSShortNameTest
----------
21. ERROR in /home/npennell/workspace/galileo/com.e2open.smi.rule.resolver.dnsshortname/test/com/e2open/smi/rule/resolver/dnsshortname/E2openDNSShortNameTest.java (at line 111)
	@Test
	 ^^^^
Test cannot be resolved to a type
----------
22. ERROR in /home/npennell/workspace/galileo/com.e2open.smi.rule.resolver.dnsshortname/test/com/e2open/smi/rule/resolver/dnsshortname/E2openDNSShortNameTest.java (at line 120)
	assertTrue(shortName.equals("abc.ibm"));
	^^^^^^^^^^
The method assertTrue(boolean) is undefined for the type E2openDNSShortNameTest
----------
----------
23. ERROR in /home/npennell/workspace/galileo/com.e2open.smi.rule.resolver.dnsshortname/test/com/e2open/smi/rule/resolver/dnsshortname/GenericDNSShortNameTest.java (at line 3)
	import static org.junit.Assert.*;
	              ^^^^^^^^^
The import org.junit cannot be resolved
----------
24. ERROR in /home/npennell/workspace/galileo/com.e2open.smi.rule.resolver.dnsshortname/test/com/e2open/smi/rule/resolver/dnsshortname/GenericDNSShortNameTest.java (at line 5)
	import org.junit.Before;
	       ^^^^^^^^^
The import org.junit cannot be resolved
----------
25. ERROR in /home/npennell/workspace/galileo/com.e2open.smi.rule.resolver.dnsshortname/test/com/e2open/smi/rule/resolver/dnsshortname/GenericDNSShortNameTest.java (at line 6)
	import org.junit.Test;
	       ^^^^^^^^^
The import org.junit cannot be resolved
----------
26. ERROR in /home/npennell/workspace/galileo/com.e2open.smi.rule.resolver.dnsshortname/test/com/e2open/smi/rule/resolver/dnsshortname/GenericDNSShortNameTest.java (at line 12)
	@Before
	 ^^^^^^
Before cannot be resolved to a type
----------
27. ERROR in /home/npennell/workspace/galileo/com.e2open.smi.rule.resolver.dnsshortname/test/com/e2open/smi/rule/resolver/dnsshortname/GenericDNSShortNameTest.java (at line 16)
	@Test
	 ^^^^
Test cannot be resolved to a type
----------
28. ERROR in /home/npennell/workspace/galileo/com.e2open.smi.rule.resolver.dnsshortname/test/com/e2open/smi/rule/resolver/dnsshortname/GenericDNSShortNameTest.java (at line 24)
	assertTrue(shortName.equals(expression));
	^^^^^^^^^^
The method assertTrue(boolean) is undefined for the type GenericDNSShortNameTest
----------
29. ERROR in /home/npennell/workspace/galileo/com.e2open.smi.rule.resolver.dnsshortname/test/com/e2open/smi/rule/resolver/dnsshortname/GenericDNSShortNameTest.java (at line 27)
	@Test
	 ^^^^
Test cannot be resolved to a type
----------
30. ERROR in /home/npennell/workspace/galileo/com.e2open.smi.rule.resolver.dnsshortname/test/com/e2open/smi/rule/resolver/dnsshortname/GenericDNSShortNameTest.java (at line 34)
	assertTrue(shortName.equals("a"));
	^^^^^^^^^^
The method assertTrue(boolean) is undefined for the type GenericDNSShortNameTest
----------
30 problems (30 errors)